[09:18:43.743] [INFO] Storybook upgrade - v10.2.15
[09:18:43.755] [INFO] detect-projects-spinner-start: Detecting projects...
[09:18:43.757] [DEBUG] Finding Storybook projects...
[09:18:44.041] [DEBUG] Found 1 Storybook projects
[09:18:44.044] [INFO] detect-projects-spinner: Detecting projects: 1 projects
[09:18:44.045] [DEBUG] Getting Storybook data...
[09:18:44.045] [DEBUG] Getting Storybook info...
[09:18:44.426] [DEBUG] Loading main config...
[09:18:44.426] [DEBUG] Getting stories paths...
[09:18:44.460] [DEBUG] Getting package manager...
[09:18:46.091] [DEBUG] Getting package.json info for /Users/vanessa/Desktop/code/_priv/renge/apps/storybook/package.json...
[09:18:46.091] [DEBUG] Getting Storybook version...
[09:18:46.135] [DEBUG] Detecting CSF factory usage...
[09:18:46.239] [DEBUG] /apps/storybook/.storybook - Validating before version... undefined
[09:18:46.274] [DEBUG] SB_CLI_UPGRADE_0005 (UpgradeStorybookUnknownCurrentVersionError): We couldn't determine the current version of Storybook in your project.

Are you running the Storybook CLI in a project without Storybook?
It might help if you specify your Storybook config directory with the --config-dir flag.
[09:18:46.275] [INFO] detect-projects-spinner-stop: 1 project detected
[09:18:46.276] [DEBUG] Found 0 valid projects and 1 error projects
[09:18:46.277] [ERROR] Failed to get projects
[09:18:46.288] [ERROR] [38;2;241;97;97mError: ❌ Storybook found errors while collecting data for the following projects:
/apps/storybook/.storybook:
SB_CLI_UPGRADE_0005 (UpgradeStorybookUnknownCurrentVersionError): We couldn't determine the current version of Storybook in your project.

Are you running the Storybook CLI in a project without Storybook?
It might help if you specify your Storybook config directory with the --config-dir flag.
    at validateVersion (file:///Users/vanessa/.npm/_npx/7b6bfae21be31f72/node_modules/@storybook/cli/dist/_node-chunks/chunk-O3MXXJBR.js:259:11)
    at processProject (file:///Users/vanessa/.npm/_npx/7b6bfae21be31f72/node_modules/@storybook/cli/dist/_node-chunks/chunk-O3MXXJBR.js:305:82)
Please fix the errors and run the upgrade command again.[39m
    at getProjects (file:///Users/vanessa/.npm/_npx/7b6bfae21be31f72/node_modules/@storybook/cli/dist/_node-chunks/chunk-O3MXXJBR.js:477:13)
    at async upgrade (file:///Users/vanessa/.npm/_npx/7b6bfae21be31f72/node_modules/@storybook/cli/dist/_node-chunks/run-4K4WYSDL.js:9470:24)
    at async file:///Users/vanessa/.npm/_npx/7b6bfae21be31f72/node_modules/@storybook/cli/dist/_node-chunks/run-4K4WYSDL.js:9669:70
    at async withTelemetry (file:///Users/vanessa/.npm/_npx/7b6bfae21be31f72/node_modules/storybook/dist/_node-chunks/chunk-JGB33OAY.js:218:12)
    at async Command.<anonymous> (file:///Users/vanessa/.npm/_npx/7b6bfae21be31f72/node_modules/@storybook/cli/dist/_node-chunks/run-4K4WYSDL.js:9665:3)
[09:18:46.309] [INFO] Storybook collects completely anonymous usage telemetry. We use it to shape Storybook's roadmap and prioritize features. You can learn more, including how to opt out, at https://storybook.js.org/telemetry
[09:18:47.574] [ERROR] Error: ❌ Storybook found errors while collecting data for the following projects:
/apps/storybook/.storybook:
SB_CLI_UPGRADE_0005 (UpgradeStorybookUnknownCurrentVersionError): We couldn't determine the current version of Storybook in your project.

Are you running the Storybook CLI in a project without Storybook?
It might help if you specify your Storybook config directory with the --config-dir flag.
    at validateVersion (file:///Users/vanessa/.npm/_npx/7b6bfae21be31f72/node_modules/@storybook/cli/dist/_node-chunks/chunk-O3MXXJBR.js:259:11)
    at processProject (file:///Users/vanessa/.npm/_npx/7b6bfae21be31f72/node_modules/@storybook/cli/dist/_node-chunks/chunk-O3MXXJBR.js:305:82)
Please fix the errors and run the upgrade command again.